0 info it worked if it ends with ok
1 verbose cli [ '/usr/local/Cellar/node/7.4.0/bin/node',
1 verbose cli   '/usr/local/bin/npm',
1 verbose cli   'verison',
1 verbose cli   'minor' ]
2 info using npm@4.0.5
3 info using node@v7.4.0
4 info git [ 'status', '--porcelain' ]
5 info lifecycle storybook-filepath-chapters@1.2.0~preversion: storybook-filepath-chapters@1.2.0
6 silly lifecycle storybook-filepath-chapters@1.2.0~preversion: no script for preversion, continuing
7 verbose version.write data { name: 'storybook-filepath-chapters',
7 verbose version.write   version: '1.2.0',
7 verbose version.write   description: 'React Storybook navigation using storybook-chapters and the filesystem',
7 verbose version.write   main: 'lib/loader.js',
7 verbose version.write   scripts:
7 verbose version.write    { build: 'babel src --out-dir lib',
7 verbose version.write      version: 'npm run build && npm run build:storybook && git add -A lib',
7 verbose version.write      postversion: 'git push && git push --tags && rm -rf build/temp',
7 verbose version.write      storybook: 'start-storybook -p 9001 -c demo/.storybook',
7 verbose version.write      'build:storybook': 'build-storybook -c demo/.storybook -o docs' },
7 verbose version.write   repository:
7 verbose version.write    { type: 'git',
7 verbose version.write      url: 'git+https://github.com/hadfieldn/storybook-filepath-chapters.git' },
7 verbose version.write   keywords: [ 'react', 'storybook', 'chapters', 'navigation' ],
7 verbose version.write   author: 'Nathan Hadfield',
7 verbose version.write   license: 'ISC',
7 verbose version.write   bugs: { url: 'https://github.com/hadfieldn/storybook-filepath-chapters/issues' },
7 verbose version.write   homepage: 'https://github.com/hadfieldn/storybook-filepath-chapters#readme',
7 verbose version.write   dependencies: {},
7 verbose version.write   devDependencies:
7 verbose version.write    { '@kadira/storybook': '^2.35.3',
7 verbose version.write      '@kadira/storybook-addon-options': '^1.0.2',
7 verbose version.write      'babel-cli': '^6.24.0',
7 verbose version.write      'babel-core': '^6.24.0',
7 verbose version.write      'babel-preset-es2015': '^6.24.0',
7 verbose version.write      path: '^0.12.7',
7 verbose version.write      react: '^15.4.2',
7 verbose version.write      'react-dom': '^15.4.2',
7 verbose version.write      'storybook-chapters': '^0.1.1',
7 verbose version.write      webpack: '^2.2.1' } } to package.json
8 info lifecycle storybook-filepath-chapters@1.2.0~version: storybook-filepath-chapters@1.2.0
9 verbose lifecycle storybook-filepath-chapters@1.2.0~version: unsafe-perm in lifecycle true
10 verbose lifecycle storybook-filepath-chapters@1.2.0~version: PATH: /usr/local/lib/node_modules/npm/bin/node-gyp-bin:/Users/nathan/Developer/hadfieldn/storybook-filepath-chapters/node_modules/.bin:/Users/nathan/.rvm/gems/ruby-2.3.0/bin:/Users/nathan/.rvm/gems/ruby-2.3.0@global/bin:/Users/nathan/.rvm/rubies/ruby-2.3.0/bin:/usr/local/bin:/usr/bin:/bin:/usr/sbin:/sbin:/Users/nathan/.rvm/bin
11 verbose lifecycle storybook-filepath-chapters@1.2.0~version: CWD: /Users/nathan/Developer/hadfieldn/storybook-filepath-chapters
12 silly lifecycle storybook-filepath-chapters@1.2.0~version: Args: [ '-c',
12 silly lifecycle   'npm run build && npm run build:storybook && git add -A lib' ]
13 silly lifecycle storybook-filepath-chapters@1.2.0~version: Returned: code: 1  signal: null
14 info lifecycle storybook-filepath-chapters@1.2.0~version: Failed to exec version script
15 verbose stack Error: storybook-filepath-chapters@1.2.0 version: `npm run build && npm run build:storybook && git add -A lib`
15 verbose stack Exit status 1
15 verbose stack     at EventEmitter.<anonymous> (/usr/local/lib/node_modules/npm/lib/utils/lifecycle.js:279:16)
15 verbose stack     at emitTwo (events.js:106:13)
15 verbose stack     at EventEmitter.emit (events.js:191:7)
15 verbose stack     at ChildProcess.<anonymous> (/usr/local/lib/node_modules/npm/lib/utils/spawn.js:40:14)
15 verbose stack     at emitTwo (events.js:106:13)
15 verbose stack     at ChildProcess.emit (events.js:191:7)
15 verbose stack     at maybeClose (internal/child_process.js:885:16)
15 verbose stack     at Process.ChildProcess._handle.onexit (internal/child_process.js:226:5)
16 verbose pkgid storybook-filepath-chapters@1.2.0
17 verbose cwd /Users/nathan/Developer/hadfieldn/storybook-filepath-chapters
18 error Darwin 16.4.0
19 error argv "/usr/local/Cellar/node/7.4.0/bin/node" "/usr/local/bin/npm" "verison" "minor"
20 error node v7.4.0
21 error npm  v4.0.5
22 error code ELIFECYCLE
23 error storybook-filepath-chapters@1.2.0 version: `npm run build && npm run build:storybook && git add -A lib`
23 error Exit status 1
24 error Failed at the storybook-filepath-chapters@1.2.0 version script 'npm run build && npm run build:storybook && git add -A lib'.
24 error Make sure you have the latest version of node.js and npm installed.
24 error If you do, this is most likely a problem with the storybook-filepath-chapters package,
24 error not with npm itself.
24 error Tell the author that this fails on your system:
24 error     npm run build && npm run build:storybook && git add -A lib
24 error You can get information on how to open an issue for this project with:
24 error     npm bugs storybook-filepath-chapters
24 error Or if that isn't available, you can get their info via:
24 error     npm owner ls storybook-filepath-chapters
24 error There is likely additional logging output above.
25 verbose exit [ 1, true ]
